2023-02-04 21:39:46,609 - mmcls - INFO - Environment info:
------------------------------------------------------------
sys.platform: linux
Python: 3.8.16 (default, Jan 17 2023, 23:13:24) [GCC 11.2.0]
CUDA available: True
GPU 0: NVIDIA GeForce RTX 3090
CUDA_HOME: /data/apps/cuda/11.1
NVCC: Cuda compilation tools, release 11.1, V11.1.74
GCC: gcc (GCC) 7.3.0
PyTorch: 1.10.0+cu111
PyTorch compiling details: PyTorch built with:
  - GCC 7.3
  - C++ Version: 201402
  - Intel(R) Math Kernel Library Version 2020.0.0 Product Build 20191122 for Intel(R) 64 architecture applications
  - Intel(R) MKL-DNN v2.2.3 (Git Hash 7336ca9f055cf1bfa13efb658fe15dc9b41f0740)
  - OpenMP 201511 (a.k.a. OpenMP 4.5)
  - LAPACK is enabled (usually provided by MKL)
  - NNPACK is enabled
  - CPU capability usage: AVX2
  - CUDA Runtime 11.1
  - NVCC architecture flags: -gencode;arch=compute_37,code=sm_37;-gencode;arch=compute_50,code=sm_50;-gencode;arch=compute_60,code=sm_60;-gencode;arch=compute_70,code=sm_70;-gencode;arch=compute_75,code=sm_75;-gencode;arch=compute_80,code=sm_80;-gencode;arch=compute_86,code=sm_86
  - CuDNN 8.0.5
  - Magma 2.5.2
  - Build settings: BLAS_INFO=mkl, BUILD_TYPE=Release, CUDA_VERSION=11.1, CUDNN_VERSION=8.0.5, CXX_COMPILER=/opt/rh/devtoolset-7/root/usr/bin/c++, CXX_FLAGS= -Wno-deprecated -fvisibility-inlines-hidden -DUSE_PTHREADPOOL -fopenmp -DNDEBUG -DUSE_KINETO -DUSE_FBGEMM -DUSE_QNNPACK -DUSE_PYTORCH_QNNPACK -DUSE_XNNPACK -DSYMBOLICATE_MOBILE_DEBUG_HANDLE -DEDGE_PROFILER_USE_KINETO -O2 -fPIC -Wno-narrowing -Wall -Wextra -Werror=return-type -Wno-missing-field-initializers -Wno-type-limits -Wno-array-bounds -Wno-unknown-pragmas -Wno-sign-compare -Wno-unused-parameter -Wno-unused-variable -Wno-unused-function -Wno-unused-result -Wno-unused-local-typedefs -Wno-strict-overflow -Wno-strict-aliasing -Wno-error=deprecated-declarations -Wno-stringop-overflow -Wno-psabi -Wno-error=pedantic -Wno-error=redundant-decls -Wno-error=old-style-cast -fdiagnostics-color=always -faligned-new -Wno-unused-but-set-variable -Wno-maybe-uninitialized -fno-math-errno -fno-trapping-math -Werror=format -Wno-stringop-overflow, LAPACK_INFO=mkl, PERF_WITH_AVX=1, PERF_WITH_AVX2=1, PERF_WITH_AVX512=1, TORCH_VERSION=1.10.0, USE_CUDA=ON, USE_CUDNN=ON, USE_EXCEPTION_PTR=1, USE_GFLAGS=OFF, USE_GLOG=OFF, USE_MKL=ON, USE_MKLDNN=ON, USE_MPI=OFF, USE_NCCL=ON, USE_NNPACK=ON, USE_OPENMP=ON, 

TorchVision: 0.11.0+cu111
OpenCV: 4.7.0
MMCV: 1.7.0
MMCV Compiler: GCC 7.3
MMCV CUDA Compiler: 11.1
MMClassification: 0.25.0+3d4f80d
------------------------------------------------------------

2023-02-04 21:39:46,610 - mmcls - INFO - Distributed training: False
2023-02-04 21:39:46,710 - mmcls - INFO - Config:
model = dict(
    type='ImageClassifier',
    backbone=dict(
        type='ResNet',
        depth=18,
        num_stages=4,
        out_indices=(3, ),
        style='pytorch'),
    neck=dict(type='GlobalAveragePooling'),
    head=dict(
        type='LinearClsHead',
        num_classes=5,
        in_channels=512,
        loss=dict(type='CrossEntropyLoss', loss_weight=1.0),
        topk=(1, )))
dataset_type = 'ImageNet'
img_norm_cfg = dict(
    mean=[123.675, 116.28, 103.53], std=[58.395, 57.12, 57.375], to_rgb=True)
train_pipeline = [
    dict(type='LoadImageFromFile'),
    dict(type='RandomResizedCrop', size=224),
    dict(type='RandomFlip', flip_prob=0.5, direction='horizontal'),
    dict(
        type='Normalize',
        mean=[123.675, 116.28, 103.53],
        std=[58.395, 57.12, 57.375],
        to_rgb=True),
    dict(type='ImageToTensor', keys=['img']),
    dict(type='ToTensor', keys=['gt_label']),
    dict(type='Collect', keys=['img', 'gt_label'])
]
test_pipeline = [
    dict(type='LoadImageFromFile'),
    dict(type='Resize', size=(256, -1)),
    dict(type='CenterCrop', crop_size=224),
    dict(
        type='Normalize',
        mean=[123.675, 116.28, 103.53],
        std=[58.395, 57.12, 57.375],
        to_rgb=True),
    dict(type='ImageToTensor', keys=['img']),
    dict(type='Collect', keys=['img'])
]
data = dict(
    samples_per_gpu=32,
    workers_per_gpu=2,
    train=dict(
        type='ImageNet',
        data_prefix='data/flower_dataset/train',
        pipeline=[
            dict(type='LoadImageFromFile'),
            dict(type='RandomResizedCrop', size=224),
            dict(type='RandomFlip', flip_prob=0.5, direction='horizontal'),
            dict(
                type='Normalize',
                mean=[123.675, 116.28, 103.53],
                std=[58.395, 57.12, 57.375],
                to_rgb=True),
            dict(type='ImageToTensor', keys=['img']),
            dict(type='ToTensor', keys=['gt_label']),
            dict(type='Collect', keys=['img', 'gt_label'])
        ],
        ann_file='data/flower_dataset/train.txt',
        classes='data/flower_dataset/classes.txt'),
    val=dict(
        type='ImageNet',
        data_prefix='data/flower_dataset/val',
        ann_file='data/flower_dataset/val.txt',
        pipeline=[
            dict(type='LoadImageFromFile'),
            dict(type='Resize', size=(256, -1)),
            dict(type='CenterCrop', crop_size=224),
            dict(
                type='Normalize',
                mean=[123.675, 116.28, 103.53],
                std=[58.395, 57.12, 57.375],
                to_rgb=True),
            dict(type='ImageToTensor', keys=['img']),
            dict(type='Collect', keys=['img'])
        ],
        classes='data/flower_dataset/classes.txt'),
    test=dict(
        type='ImageNet',
        data_prefix='data/imagenet/val',
        ann_file='data/imagenet/meta/val.txt',
        pipeline=[
            dict(type='LoadImageFromFile'),
            dict(type='Resize', size=(256, -1)),
            dict(type='CenterCrop', crop_size=224),
            dict(
                type='Normalize',
                mean=[123.675, 116.28, 103.53],
                std=[58.395, 57.12, 57.375],
                to_rgb=True),
            dict(type='ImageToTensor', keys=['img']),
            dict(type='Collect', keys=['img'])
        ]))
evaluation = dict(
    interval=1, metric='accuracy', metric_options=dict(topk=(1, )))
checkpoint_config = dict(interval=1)
log_config = dict(interval=100, hooks=[dict(type='TextLoggerHook')])
dist_params = dict(backend='nccl')
log_level = 'INFO'
load_from = '/HOME/scz0as3/run/mmclassification/checkpoints/resnet18_batch256_imagenet_20200708-34ab8f90.pth'
resume_from = None
workflow = [('train', 1)]
optimizer = dict(type='SGD', lr=0.001, momentum=0.9, weight_decay=0.0001)
optimizer_config = dict(grad_clip=None)
lr_config = dict(policy='step', step=[1])
runner = dict(type='EpochBasedRunner', max_epochs=100)
work_dir = 'work/resnet18_b16_flower'
gpu_ids = [0]

2023-02-04 21:39:46,712 - mmcls - INFO - Set random seed to 1652057339, deterministic: False
2023-02-04 21:39:46,871 - mmcls - INFO - initialize ResNet with init_cfg [{'type': 'Kaiming', 'layer': ['Conv2d']}, {'type': 'Constant', 'val': 1, 'layer': ['_BatchNorm', 'GroupNorm']}]
2023-02-04 21:39:46,993 - mmcls - INFO - initialize LinearClsHead with init_cfg {'type': 'Normal', 'layer': 'Linear', 'std': 0.01}
Name of parameter - Initialization information

backbone.conv1.weight - torch.Size([64, 3, 7, 7]): 
KaimingInit: a=0, mode=fan_out, nonlinearity=relu, distribution =normal, bias=0 

backbone.bn1.weight - torch.Size([64]): 
The value is the same before and after calling `init_weights` of ImageClassifier  

backbone.bn1.bias - torch.Size([64]): 
The value is the same before and after calling `init_weights` of ImageClassifier  

backbone.layer1.0.conv1.weight - torch.Size([64, 64, 3, 3]): 
KaimingInit: a=0, mode=fan_out, nonlinearity=relu, distribution =normal, bias=0 

backbone.layer1.0.bn1.weight - torch.Size([64]): 
The value is the same before and after calling `init_weights` of ImageClassifier  

backbone.layer1.0.bn1.bias - torch.Size([64]): 
The value is the same before and after calling `init_weights` of ImageClassifier  

backbone.layer1.0.conv2.weight - torch.Size([64, 64, 3, 3]): 
KaimingInit: a=0, mode=fan_out, nonlinearity=relu, distribution =normal, bias=0 

backbone.layer1.0.bn2.weight - torch.Size([64]): 
Initialized by user-defined `init_weights` in ResNet  

backbone.layer1.0.bn2.bias - torch.Size([64]): 
The value is the same before and after calling `init_weights` of ImageClassifier  

backbone.layer1.1.conv1.weight - torch.Size([64, 64, 3, 3]): 
KaimingInit: a=0, mode=fan_out, nonlinearity=relu, distribution =normal, bias=0 

backbone.layer1.1.bn1.weight - torch.Size([64]): 
The value is the same before and after calling `init_weights` of ImageClassifier  

backbone.layer1.1.bn1.bias - torch.Size([64]): 
The value is the same before and after calling `init_weights` of ImageClassifier  

backbone.layer1.1.conv2.weight - torch.Size([64, 64, 3, 3]): 
KaimingInit: a=0, mode=fan_out, nonlinearity=relu, distribution =normal, bias=0 

backbone.layer1.1.bn2.weight - torch.Size([64]): 
Initialized by user-defined `init_weights` in ResNet  

backbone.layer1.1.bn2.bias - torch.Size([64]): 
The value is the same before and after calling `init_weights` of ImageClassifier  

backbone.layer2.0.conv1.weight - torch.Size([128, 64, 3, 3]): 
KaimingInit: a=0, mode=fan_out, nonlinearity=relu, distribution =normal, bias=0 

backbone.layer2.0.bn1.weight - torch.Size([128]): 
The value is the same before and after calling `init_weights` of ImageClassifier  

backbone.layer2.0.bn1.bias - torch.Size([128]): 
The value is the same before and after calling `init_weights` of ImageClassifier  

backbone.layer2.0.conv2.weight - torch.Size([128, 128, 3, 3]): 
KaimingInit: a=0, mode=fan_out, nonlinearity=relu, distribution =normal, bias=0 

backbone.layer2.0.bn2.weight - torch.Size([128]): 
Initialized by user-defined `init_weights` in ResNet  

backbone.layer2.0.bn2.bias - torch.Size([128]): 
The value is the same before and after calling `init_weights` of ImageClassifier  

backbone.layer2.0.downsample.0.weight - torch.Size([128, 64, 1, 1]): 
KaimingInit: a=0, mode=fan_out, nonlinearity=relu, distribution =normal, bias=0 

backbone.layer2.0.downsample.1.weight - torch.Size([128]): 
The value is the same before and after calling `init_weights` of ImageClassifier  

backbone.layer2.0.downsample.1.bias - torch.Size([128]): 
The value is the same before and after calling `init_weights` of ImageClassifier  

backbone.layer2.1.conv1.weight - torch.Size([128, 128, 3, 3]): 
KaimingInit: a=0, mode=fan_out, nonlinearity=relu, distribution =normal, bias=0 

backbone.layer2.1.bn1.weight - torch.Size([128]): 
The value is the same before and after calling `init_weights` of ImageClassifier  

backbone.layer2.1.bn1.bias - torch.Size([128]): 
The value is the same before and after calling `init_weights` of ImageClassifier  

backbone.layer2.1.conv2.weight - torch.Size([128, 128, 3, 3]): 
KaimingInit: a=0, mode=fan_out, nonlinearity=relu, distribution =normal, bias=0 

backbone.layer2.1.bn2.weight - torch.Size([128]): 
Initialized by user-defined `init_weights` in ResNet  

backbone.layer2.1.bn2.bias - torch.Size([128]): 
The value is the same before and after calling `init_weights` of ImageClassifier  

backbone.layer3.0.conv1.weight - torch.Size([256, 128, 3, 3]): 
KaimingInit: a=0, mode=fan_out, nonlinearity=relu, distribution =normal, bias=0 

backbone.layer3.0.bn1.weight - torch.Size([256]): 
The value is the same before and after calling `init_weights` of ImageClassifier  

backbone.layer3.0.bn1.bias - torch.Size([256]): 
The value is the same before and after calling `init_weights` of ImageClassifier  

backbone.layer3.0.conv2.weight - torch.Size([256, 256, 3, 3]): 
KaimingInit: a=0, mode=fan_out, nonlinearity=relu, distribution =normal, bias=0 

backbone.layer3.0.bn2.weight - torch.Size([256]): 
Initialized by user-defined `init_weights` in ResNet  

backbone.layer3.0.bn2.bias - torch.Size([256]): 
The value is the same before and after calling `init_weights` of ImageClassifier  

backbone.layer3.0.downsample.0.weight - torch.Size([256, 128, 1, 1]): 
KaimingInit: a=0, mode=fan_out, nonlinearity=relu, distribution =normal, bias=0 

backbone.layer3.0.downsample.1.weight - torch.Size([256]): 
The value is the same before and after calling `init_weights` of ImageClassifier  

backbone.layer3.0.downsample.1.bias - torch.Size([256]): 
The value is the same before and after calling `init_weights` of ImageClassifier  

backbone.layer3.1.conv1.weight - torch.Size([256, 256, 3, 3]): 
KaimingInit: a=0, mode=fan_out, nonlinearity=relu, distribution =normal, bias=0 

backbone.layer3.1.bn1.weight - torch.Size([256]): 
The value is the same before and after calling `init_weights` of ImageClassifier  

backbone.layer3.1.bn1.bias - torch.Size([256]): 
The value is the same before and after calling `init_weights` of ImageClassifier  

backbone.layer3.1.conv2.weight - torch.Size([256, 256, 3, 3]): 
KaimingInit: a=0, mode=fan_out, nonlinearity=relu, distribution =normal, bias=0 

backbone.layer3.1.bn2.weight - torch.Size([256]): 
Initialized by user-defined `init_weights` in ResNet  

backbone.layer3.1.bn2.bias - torch.Size([256]): 
The value is the same before and after calling `init_weights` of ImageClassifier  

backbone.layer4.0.conv1.weight - torch.Size([512, 256, 3, 3]): 
KaimingInit: a=0, mode=fan_out, nonlinearity=relu, distribution =normal, bias=0 

backbone.layer4.0.bn1.weight - torch.Size([512]): 
The value is the same before and after calling `init_weights` of ImageClassifier  

backbone.layer4.0.bn1.bias - torch.Size([512]): 
The value is the same before and after calling `init_weights` of ImageClassifier  

backbone.layer4.0.conv2.weight - torch.Size([512, 512, 3, 3]): 
KaimingInit: a=0, mode=fan_out, nonlinearity=relu, distribution =normal, bias=0 

backbone.layer4.0.bn2.weight - torch.Size([512]): 
Initialized by user-defined `init_weights` in ResNet  

backbone.layer4.0.bn2.bias - torch.Size([512]): 
The value is the same before and after calling `init_weights` of ImageClassifier  

backbone.layer4.0.downsample.0.weight - torch.Size([512, 256, 1, 1]): 
KaimingInit: a=0, mode=fan_out, nonlinearity=relu, distribution =normal, bias=0 

backbone.layer4.0.downsample.1.weight - torch.Size([512]): 
The value is the same before and after calling `init_weights` of ImageClassifier  

backbone.layer4.0.downsample.1.bias - torch.Size([512]): 
The value is the same before and after calling `init_weights` of ImageClassifier  

backbone.layer4.1.conv1.weight - torch.Size([512, 512, 3, 3]): 
KaimingInit: a=0, mode=fan_out, nonlinearity=relu, distribution =normal, bias=0 

backbone.layer4.1.bn1.weight - torch.Size([512]): 
The value is the same before and after calling `init_weights` of ImageClassifier  

backbone.layer4.1.bn1.bias - torch.Size([512]): 
The value is the same before and after calling `init_weights` of ImageClassifier  

backbone.layer4.1.conv2.weight - torch.Size([512, 512, 3, 3]): 
KaimingInit: a=0, mode=fan_out, nonlinearity=relu, distribution =normal, bias=0 

backbone.layer4.1.bn2.weight - torch.Size([512]): 
Initialized by user-defined `init_weights` in ResNet  

backbone.layer4.1.bn2.bias - torch.Size([512]): 
The value is the same before and after calling `init_weights` of ImageClassifier  

head.fc.weight - torch.Size([5, 512]): 
NormalInit: mean=0, std=0.01, bias=0 

head.fc.bias - torch.Size([5]): 
NormalInit: mean=0, std=0.01, bias=0 
2023-02-04 21:39:52,044 - mmcls - INFO - load checkpoint from local path: /HOME/scz0as3/run/mmclassification/checkpoints/resnet18_batch256_imagenet_20200708-34ab8f90.pth
2023-02-04 21:39:52,112 - mmcls - WARNING - The model and loaded state dict do not match exactly

size mismatch for head.fc.weight: copying a param with shape torch.Size([1000, 512]) from checkpoint, the shape in current model is torch.Size([5, 512]).
size mismatch for head.fc.bias: copying a param with shape torch.Size([1000]) from checkpoint, the shape in current model is torch.Size([5]).
2023-02-04 21:39:52,112 - mmcls - INFO - Start running, host: scz0as3@g0099, work_dir: /data/run01/scz0as3/mmclassification/work/resnet18_b16_flower
2023-02-04 21:39:52,113 - mmcls - INFO - Hooks will be executed in the following order:
before_run:
(VERY_HIGH   ) StepLrUpdaterHook                  
(NORMAL      ) CheckpointHook                     
(LOW         ) EvalHook                           
(VERY_LOW    ) TextLoggerHook                     
 -------------------- 
before_train_epoch:
(VERY_HIGH   ) StepLrUpdaterHook                  
(LOW         ) IterTimerHook                      
(LOW         ) EvalHook                           
(VERY_LOW    ) TextLoggerHook                     
 -------------------- 
before_train_iter:
(VERY_HIGH   ) StepLrUpdaterHook                  
(LOW         ) IterTimerHook                      
(LOW         ) EvalHook                           
 -------------------- 
after_train_iter:
(ABOVE_NORMAL) OptimizerHook                      
(NORMAL      ) CheckpointHook                     
(LOW         ) IterTimerHook                      
(LOW         ) EvalHook                           
(VERY_LOW    ) TextLoggerHook                     
 -------------------- 
after_train_epoch:
(NORMAL      ) CheckpointHook                     
(LOW         ) EvalHook                           
(VERY_LOW    ) TextLoggerHook                     
 -------------------- 
before_val_epoch:
(LOW         ) IterTimerHook                      
(VERY_LOW    ) TextLoggerHook                     
 -------------------- 
before_val_iter:
(LOW         ) IterTimerHook                      
 -------------------- 
after_val_iter:
(LOW         ) IterTimerHook                      
 -------------------- 
after_val_epoch:
(VERY_LOW    ) TextLoggerHook                     
 -------------------- 
after_run:
(VERY_LOW    ) TextLoggerHook                     
 -------------------- 
2023-02-04 21:39:52,113 - mmcls - INFO - workflow: [('train', 1)], max: 100 epochs
2023-02-04 21:39:52,113 - mmcls - INFO - Checkpoints will be saved to /data/run01/scz0as3/mmclassification/work/resnet18_b16_flower by HardDiskBackend.
2023-02-04 21:39:59,159 - mmcls - INFO - Saving checkpoint at 1 epochs
2023-02-04 21:40:00,473 - mmcls - INFO - Epoch(val) [1][18]	accuracy_top-1: 90.3846
2023-02-04 21:40:05,889 - mmcls - INFO - Saving checkpoint at 2 epochs
2023-02-04 21:40:06,886 - mmcls - INFO - Epoch(val) [2][18]	accuracy_top-1: 93.1818
2023-02-04 21:40:12,276 - mmcls - INFO - Saving checkpoint at 3 epochs
2023-02-04 21:40:13,252 - mmcls - INFO - Epoch(val) [3][18]	accuracy_top-1: 91.9580
2023-02-04 21:40:18,651 - mmcls - INFO - Saving checkpoint at 4 epochs
2023-02-04 21:40:19,621 - mmcls - INFO - Epoch(val) [4][18]	accuracy_top-1: 91.9580
2023-02-04 21:40:25,055 - mmcls - INFO - Saving checkpoint at 5 epochs
2023-02-04 21:40:26,032 - mmcls - INFO - Epoch(val) [5][18]	accuracy_top-1: 92.8322
2023-02-04 21:40:31,424 - mmcls - INFO - Saving checkpoint at 6 epochs
2023-02-04 21:40:32,392 - mmcls - INFO - Epoch(val) [6][18]	accuracy_top-1: 92.1329
2023-02-04 21:40:37,739 - mmcls - INFO - Saving checkpoint at 7 epochs
2023-02-04 21:40:38,715 - mmcls - INFO - Epoch(val) [7][18]	accuracy_top-1: 92.8322
2023-02-04 21:40:44,127 - mmcls - INFO - Saving checkpoint at 8 epochs
2023-02-04 21:40:45,107 - mmcls - INFO - Epoch(val) [8][18]	accuracy_top-1: 93.0070
2023-02-04 21:40:50,575 - mmcls - INFO - Saving checkpoint at 9 epochs
2023-02-04 21:40:51,548 - mmcls - INFO - Epoch(val) [9][18]	accuracy_top-1: 92.6573
2023-02-04 21:40:56,919 - mmcls - INFO - Saving checkpoint at 10 epochs
2023-02-04 21:40:57,896 - mmcls - INFO - Epoch(val) [10][18]	accuracy_top-1: 93.1818
2023-02-04 21:41:03,280 - mmcls - INFO - Saving checkpoint at 11 epochs
2023-02-04 21:41:04,255 - mmcls - INFO - Epoch(val) [11][18]	accuracy_top-1: 93.3566
2023-02-04 21:41:09,685 - mmcls - INFO - Saving checkpoint at 12 epochs
2023-02-04 21:41:10,663 - mmcls - INFO - Epoch(val) [12][18]	accuracy_top-1: 93.5315
2023-02-04 21:41:16,048 - mmcls - INFO - Saving checkpoint at 13 epochs
2023-02-04 21:41:17,015 - mmcls - INFO - Epoch(val) [13][18]	accuracy_top-1: 93.0070
2023-02-04 21:41:22,441 - mmcls - INFO - Saving checkpoint at 14 epochs
2023-02-04 21:41:23,413 - mmcls - INFO - Epoch(val) [14][18]	accuracy_top-1: 93.0070
2023-02-04 21:41:28,858 - mmcls - INFO - Saving checkpoint at 15 epochs
2023-02-04 21:41:29,832 - mmcls - INFO - Epoch(val) [15][18]	accuracy_top-1: 93.1818
2023-02-04 21:41:35,195 - mmcls - INFO - Saving checkpoint at 16 epochs
2023-02-04 21:41:36,162 - mmcls - INFO - Epoch(val) [16][18]	accuracy_top-1: 93.5315
2023-02-04 21:41:41,534 - mmcls - INFO - Saving checkpoint at 17 epochs
2023-02-04 21:41:42,508 - mmcls - INFO - Epoch(val) [17][18]	accuracy_top-1: 93.3566
2023-02-04 21:41:47,902 - mmcls - INFO - Saving checkpoint at 18 epochs
2023-02-04 21:41:48,884 - mmcls - INFO - Epoch(val) [18][18]	accuracy_top-1: 93.3566
2023-02-04 21:41:54,255 - mmcls - INFO - Saving checkpoint at 19 epochs
2023-02-04 21:41:55,225 - mmcls - INFO - Epoch(val) [19][18]	accuracy_top-1: 94.2308
2023-02-04 21:42:00,609 - mmcls - INFO - Saving checkpoint at 20 epochs
2023-02-04 21:42:01,571 - mmcls - INFO - Epoch(val) [20][18]	accuracy_top-1: 93.1818
2023-02-04 21:42:07,001 - mmcls - INFO - Saving checkpoint at 21 epochs
2023-02-04 21:42:07,971 - mmcls - INFO - Epoch(val) [21][18]	accuracy_top-1: 93.3566
2023-02-04 21:42:13,413 - mmcls - INFO - Saving checkpoint at 22 epochs
2023-02-04 21:42:14,380 - mmcls - INFO - Epoch(val) [22][18]	accuracy_top-1: 93.1818
2023-02-04 21:42:19,736 - mmcls - INFO - Saving checkpoint at 23 epochs
2023-02-04 21:42:20,702 - mmcls - INFO - Epoch(val) [23][18]	accuracy_top-1: 93.5315
2023-02-04 21:42:26,060 - mmcls - INFO - Saving checkpoint at 24 epochs
2023-02-04 21:42:27,025 - mmcls - INFO - Epoch(val) [24][18]	accuracy_top-1: 93.5315
2023-02-04 21:42:32,412 - mmcls - INFO - Saving checkpoint at 25 epochs
2023-02-04 21:42:33,378 - mmcls - INFO - Epoch(val) [25][18]	accuracy_top-1: 93.3566
2023-02-04 21:42:38,783 - mmcls - INFO - Saving checkpoint at 26 epochs
2023-02-04 21:42:39,757 - mmcls - INFO - Epoch(val) [26][18]	accuracy_top-1: 93.3566
2023-02-04 21:42:45,178 - mmcls - INFO - Saving checkpoint at 27 epochs
2023-02-04 21:42:46,144 - mmcls - INFO - Epoch(val) [27][18]	accuracy_top-1: 93.8811
2023-02-04 21:42:51,547 - mmcls - INFO - Saving checkpoint at 28 epochs
2023-02-04 21:42:52,523 - mmcls - INFO - Epoch(val) [28][18]	accuracy_top-1: 93.5315
2023-02-04 21:42:57,960 - mmcls - INFO - Saving checkpoint at 29 epochs
2023-02-04 21:42:58,937 - mmcls - INFO - Epoch(val) [29][18]	accuracy_top-1: 94.0559
2023-02-04 21:43:04,357 - mmcls - INFO - Saving checkpoint at 30 epochs
2023-02-04 21:43:05,325 - mmcls - INFO - Epoch(val) [30][18]	accuracy_top-1: 94.2308
2023-02-04 21:43:10,688 - mmcls - INFO - Saving checkpoint at 31 epochs
2023-02-04 21:43:11,660 - mmcls - INFO - Epoch(val) [31][18]	accuracy_top-1: 92.6573
2023-02-04 21:43:17,050 - mmcls - INFO - Saving checkpoint at 32 epochs
2023-02-04 21:43:18,021 - mmcls - INFO - Epoch(val) [32][18]	accuracy_top-1: 93.7063
2023-02-04 21:43:23,438 - mmcls - INFO - Saving checkpoint at 33 epochs
2023-02-04 21:43:24,408 - mmcls - INFO - Epoch(val) [33][18]	accuracy_top-1: 93.7063
2023-02-04 21:43:29,816 - mmcls - INFO - Saving checkpoint at 34 epochs
2023-02-04 21:43:30,789 - mmcls - INFO - Epoch(val) [34][18]	accuracy_top-1: 93.5315
2023-02-04 21:43:36,154 - mmcls - INFO - Saving checkpoint at 35 epochs
2023-02-04 21:43:37,124 - mmcls - INFO - Epoch(val) [35][18]	accuracy_top-1: 93.7063
2023-02-04 21:43:42,498 - mmcls - INFO - Saving checkpoint at 36 epochs
2023-02-04 21:43:43,475 - mmcls - INFO - Epoch(val) [36][18]	accuracy_top-1: 93.0070
2023-02-04 21:43:48,884 - mmcls - INFO - Saving checkpoint at 37 epochs
2023-02-04 21:43:49,861 - mmcls - INFO - Epoch(val) [37][18]	accuracy_top-1: 93.1818
2023-02-04 21:43:55,233 - mmcls - INFO - Saving checkpoint at 38 epochs
2023-02-04 21:43:56,202 - mmcls - INFO - Epoch(val) [38][18]	accuracy_top-1: 93.3566
2023-02-04 21:44:01,575 - mmcls - INFO - Saving checkpoint at 39 epochs
2023-02-04 21:44:02,548 - mmcls - INFO - Epoch(val) [39][18]	accuracy_top-1: 93.7063
2023-02-04 21:44:07,976 - mmcls - INFO - Saving checkpoint at 40 epochs
2023-02-04 21:44:08,951 - mmcls - INFO - Epoch(val) [40][18]	accuracy_top-1: 93.1818
2023-02-04 21:44:14,364 - mmcls - INFO - Saving checkpoint at 41 epochs
2023-02-04 21:44:15,336 - mmcls - INFO - Epoch(val) [41][18]	accuracy_top-1: 93.8811
2023-02-04 21:44:20,737 - mmcls - INFO - Saving checkpoint at 42 epochs
2023-02-04 21:44:21,706 - mmcls - INFO - Epoch(val) [42][18]	accuracy_top-1: 93.8811
2023-02-04 21:44:27,104 - mmcls - INFO - Saving checkpoint at 43 epochs
2023-02-04 21:44:28,083 - mmcls - INFO - Epoch(val) [43][18]	accuracy_top-1: 93.8811
2023-02-04 21:44:33,510 - mmcls - INFO - Saving checkpoint at 44 epochs
2023-02-04 21:44:34,477 - mmcls - INFO - Epoch(val) [44][18]	accuracy_top-1: 94.0559
2023-02-04 21:44:39,908 - mmcls - INFO - Saving checkpoint at 45 epochs
2023-02-04 21:44:40,889 - mmcls - INFO - Epoch(val) [45][18]	accuracy_top-1: 93.8811
2023-02-04 21:44:46,314 - mmcls - INFO - Saving checkpoint at 46 epochs
2023-02-04 21:44:47,282 - mmcls - INFO - Epoch(val) [46][18]	accuracy_top-1: 93.7063
2023-02-04 21:44:52,729 - mmcls - INFO - Saving checkpoint at 47 epochs
2023-02-04 21:44:53,705 - mmcls - INFO - Epoch(val) [47][18]	accuracy_top-1: 93.7063
2023-02-04 21:44:59,123 - mmcls - INFO - Saving checkpoint at 48 epochs
2023-02-04 21:45:00,091 - mmcls - INFO - Epoch(val) [48][18]	accuracy_top-1: 93.7063
2023-02-04 21:45:05,480 - mmcls - INFO - Saving checkpoint at 49 epochs
2023-02-04 21:45:06,459 - mmcls - INFO - Epoch(val) [49][18]	accuracy_top-1: 93.3566
2023-02-04 21:45:11,866 - mmcls - INFO - Saving checkpoint at 50 epochs
2023-02-04 21:45:12,836 - mmcls - INFO - Epoch(val) [50][18]	accuracy_top-1: 94.0559
2023-02-04 21:45:18,265 - mmcls - INFO - Saving checkpoint at 51 epochs
2023-02-04 21:45:19,241 - mmcls - INFO - Epoch(val) [51][18]	accuracy_top-1: 93.8811
2023-02-04 21:45:24,653 - mmcls - INFO - Saving checkpoint at 52 epochs
2023-02-04 21:45:25,622 - mmcls - INFO - Epoch(val) [52][18]	accuracy_top-1: 93.8811
2023-02-04 21:45:31,055 - mmcls - INFO - Saving checkpoint at 53 epochs
2023-02-04 21:45:32,026 - mmcls - INFO - Epoch(val) [53][18]	accuracy_top-1: 93.7063
2023-02-04 21:45:37,412 - mmcls - INFO - Saving checkpoint at 54 epochs
2023-02-04 21:45:38,388 - mmcls - INFO - Epoch(val) [54][18]	accuracy_top-1: 94.2308
2023-02-04 21:45:43,807 - mmcls - INFO - Saving checkpoint at 55 epochs
2023-02-04 21:45:44,774 - mmcls - INFO - Epoch(val) [55][18]	accuracy_top-1: 94.0559
2023-02-04 21:45:50,152 - mmcls - INFO - Saving checkpoint at 56 epochs
2023-02-04 21:45:51,121 - mmcls - INFO - Epoch(val) [56][18]	accuracy_top-1: 94.2308
2023-02-04 21:45:56,511 - mmcls - INFO - Saving checkpoint at 57 epochs
2023-02-04 21:45:57,481 - mmcls - INFO - Epoch(val) [57][18]	accuracy_top-1: 94.5804
2023-02-04 21:46:02,941 - mmcls - INFO - Saving checkpoint at 58 epochs
2023-02-04 21:46:03,920 - mmcls - INFO - Epoch(val) [58][18]	accuracy_top-1: 93.8811
2023-02-04 21:46:09,347 - mmcls - INFO - Saving checkpoint at 59 epochs
2023-02-04 21:46:10,327 - mmcls - INFO - Epoch(val) [59][18]	accuracy_top-1: 94.0559
2023-02-04 21:46:15,707 - mmcls - INFO - Saving checkpoint at 60 epochs
2023-02-04 21:46:16,674 - mmcls - INFO - Epoch(val) [60][18]	accuracy_top-1: 93.8811
2023-02-04 21:46:22,078 - mmcls - INFO - Saving checkpoint at 61 epochs
2023-02-04 21:46:23,049 - mmcls - INFO - Epoch(val) [61][18]	accuracy_top-1: 94.0559
2023-02-04 21:46:28,470 - mmcls - INFO - Saving checkpoint at 62 epochs
2023-02-04 21:46:29,447 - mmcls - INFO - Epoch(val) [62][18]	accuracy_top-1: 94.0559
2023-02-04 21:46:34,871 - mmcls - INFO - Saving checkpoint at 63 epochs
2023-02-04 21:46:35,841 - mmcls - INFO - Epoch(val) [63][18]	accuracy_top-1: 94.0559
2023-02-04 21:46:41,210 - mmcls - INFO - Saving checkpoint at 64 epochs
2023-02-04 21:46:42,178 - mmcls - INFO - Epoch(val) [64][18]	accuracy_top-1: 94.0559
2023-02-04 21:46:47,594 - mmcls - INFO - Saving checkpoint at 65 epochs
2023-02-04 21:46:48,573 - mmcls - INFO - Epoch(val) [65][18]	accuracy_top-1: 93.8811
2023-02-04 21:46:53,984 - mmcls - INFO - Saving checkpoint at 66 epochs
2023-02-04 21:46:54,966 - mmcls - INFO - Epoch(val) [66][18]	accuracy_top-1: 94.4056
2023-02-04 21:47:00,338 - mmcls - INFO - Saving checkpoint at 67 epochs
2023-02-04 21:47:01,305 - mmcls - INFO - Epoch(val) [67][18]	accuracy_top-1: 94.0559
2023-02-04 21:47:06,695 - mmcls - INFO - Saving checkpoint at 68 epochs
2023-02-04 21:47:07,672 - mmcls - INFO - Epoch(val) [68][18]	accuracy_top-1: 94.2308
2023-02-04 21:47:13,138 - mmcls - INFO - Saving checkpoint at 69 epochs
2023-02-04 21:47:14,115 - mmcls - INFO - Epoch(val) [69][18]	accuracy_top-1: 93.8811
2023-02-04 21:47:19,521 - mmcls - INFO - Saving checkpoint at 70 epochs
2023-02-04 21:47:20,490 - mmcls - INFO - Epoch(val) [70][18]	accuracy_top-1: 93.7063
2023-02-04 21:47:25,950 - mmcls - INFO - Saving checkpoint at 71 epochs
2023-02-04 21:47:26,924 - mmcls - INFO - Epoch(val) [71][18]	accuracy_top-1: 94.0559
2023-02-04 21:47:32,314 - mmcls - INFO - Saving checkpoint at 72 epochs
2023-02-04 21:47:33,284 - mmcls - INFO - Epoch(val) [72][18]	accuracy_top-1: 93.7063
2023-02-04 21:47:38,701 - mmcls - INFO - Saving checkpoint at 73 epochs
2023-02-04 21:47:39,682 - mmcls - INFO - Epoch(val) [73][18]	accuracy_top-1: 94.0559
2023-02-04 21:47:45,097 - mmcls - INFO - Saving checkpoint at 74 epochs
2023-02-04 21:47:46,068 - mmcls - INFO - Epoch(val) [74][18]	accuracy_top-1: 94.2308
2023-02-04 21:47:51,483 - mmcls - INFO - Saving checkpoint at 75 epochs
2023-02-04 21:47:52,463 - mmcls - INFO - Epoch(val) [75][18]	accuracy_top-1: 93.7063
2023-02-04 21:47:57,873 - mmcls - INFO - Saving checkpoint at 76 epochs
2023-02-04 21:47:58,847 - mmcls - INFO - Epoch(val) [76][18]	accuracy_top-1: 93.8811
2023-02-04 21:48:04,260 - mmcls - INFO - Saving checkpoint at 77 epochs
2023-02-04 21:48:05,235 - mmcls - INFO - Epoch(val) [77][18]	accuracy_top-1: 93.1818
2023-02-04 21:48:10,669 - mmcls - INFO - Saving checkpoint at 78 epochs
2023-02-04 21:48:11,640 - mmcls - INFO - Epoch(val) [78][18]	accuracy_top-1: 94.0559
2023-02-04 21:48:17,037 - mmcls - INFO - Saving checkpoint at 79 epochs
2023-02-04 21:48:18,005 - mmcls - INFO - Epoch(val) [79][18]	accuracy_top-1: 94.5804
2023-02-04 21:48:23,436 - mmcls - INFO - Saving checkpoint at 80 epochs
2023-02-04 21:48:24,415 - mmcls - INFO - Epoch(val) [80][18]	accuracy_top-1: 94.2308
2023-02-04 21:48:29,847 - mmcls - INFO - Saving checkpoint at 81 epochs
2023-02-04 21:48:30,821 - mmcls - INFO - Epoch(val) [81][18]	accuracy_top-1: 93.8811
2023-02-04 21:48:36,228 - mmcls - INFO - Saving checkpoint at 82 epochs
2023-02-04 21:48:37,202 - mmcls - INFO - Epoch(val) [82][18]	accuracy_top-1: 94.0559
2023-02-04 21:48:42,619 - mmcls - INFO - Saving checkpoint at 83 epochs
2023-02-04 21:48:43,593 - mmcls - INFO - Epoch(val) [83][18]	accuracy_top-1: 93.7063
2023-02-04 21:48:49,041 - mmcls - INFO - Saving checkpoint at 84 epochs
2023-02-04 21:48:50,014 - mmcls - INFO - Epoch(val) [84][18]	accuracy_top-1: 93.8811
2023-02-04 21:48:55,483 - mmcls - INFO - Saving checkpoint at 85 epochs
2023-02-04 21:48:56,454 - mmcls - INFO - Epoch(val) [85][18]	accuracy_top-1: 94.2308
2023-02-04 21:49:01,887 - mmcls - INFO - Saving checkpoint at 86 epochs
2023-02-04 21:49:02,856 - mmcls - INFO - Epoch(val) [86][18]	accuracy_top-1: 93.3566
2023-02-04 21:49:08,253 - mmcls - INFO - Saving checkpoint at 87 epochs
2023-02-04 21:49:09,229 - mmcls - INFO - Epoch(val) [87][18]	accuracy_top-1: 94.2308
2023-02-04 21:49:14,674 - mmcls - INFO - Saving checkpoint at 88 epochs
2023-02-04 21:49:15,645 - mmcls - INFO - Epoch(val) [88][18]	accuracy_top-1: 93.8811
2023-02-04 21:49:21,112 - mmcls - INFO - Saving checkpoint at 89 epochs
2023-02-04 21:49:22,086 - mmcls - INFO - Epoch(val) [89][18]	accuracy_top-1: 94.2308
2023-02-04 21:49:27,568 - mmcls - INFO - Saving checkpoint at 90 epochs
2023-02-04 21:49:28,552 - mmcls - INFO - Epoch(val) [90][18]	accuracy_top-1: 94.0559
2023-02-04 21:49:34,013 - mmcls - INFO - Saving checkpoint at 91 epochs
2023-02-04 21:49:34,994 - mmcls - INFO - Epoch(val) [91][18]	accuracy_top-1: 93.8811
2023-02-04 21:49:40,381 - mmcls - INFO - Saving checkpoint at 92 epochs
2023-02-04 21:49:41,355 - mmcls - INFO - Epoch(val) [92][18]	accuracy_top-1: 94.0559
2023-02-04 21:49:46,765 - mmcls - INFO - Saving checkpoint at 93 epochs
2023-02-04 21:49:47,734 - mmcls - INFO - Epoch(val) [93][18]	accuracy_top-1: 94.0559
2023-02-04 21:49:53,163 - mmcls - INFO - Saving checkpoint at 94 epochs
2023-02-04 21:49:54,136 - mmcls - INFO - Epoch(val) [94][18]	accuracy_top-1: 93.8811
2023-02-04 21:49:59,590 - mmcls - INFO - Saving checkpoint at 95 epochs
2023-02-04 21:50:00,579 - mmcls - INFO - Epoch(val) [95][18]	accuracy_top-1: 94.0559
2023-02-04 21:50:06,044 - mmcls - INFO - Saving checkpoint at 96 epochs
2023-02-04 21:50:07,015 - mmcls - INFO - Epoch(val) [96][18]	accuracy_top-1: 94.2308
2023-02-04 21:50:12,438 - mmcls - INFO - Saving checkpoint at 97 epochs
2023-02-04 21:50:13,415 - mmcls - INFO - Epoch(val) [97][18]	accuracy_top-1: 94.0559
2023-02-04 21:50:18,895 - mmcls - INFO - Saving checkpoint at 98 epochs
2023-02-04 21:50:19,876 - mmcls - INFO - Epoch(val) [98][18]	accuracy_top-1: 94.2308
2023-02-04 21:50:25,331 - mmcls - INFO - Saving checkpoint at 99 epochs
2023-02-04 21:50:26,300 - mmcls - INFO - Epoch(val) [99][18]	accuracy_top-1: 93.8811
2023-02-04 21:50:31,787 - mmcls - INFO - Saving checkpoint at 100 epochs
2023-02-04 21:50:32,763 - mmcls - INFO - Epoch(val) [100][18]	accuracy_top-1: 93.7063
